<?xml version="1.0" encoding="UTF-8"?>
<testsuite xmlns:xsi="http://www.w3.org/2001/XMLSchema-instance" xsi:noNamespaceSchemaLocation="https://maven.apache.org/surefire/maven-surefire-plugin/xsd/surefire-test-report-3.0.xsd" version="3.0" name="org.ylzl.eden.spring.test.redis.EmbeddedRedisTest" time="0.564" tests="3" errors="0" skipped="0" failures="0">
  <properties>
[...]
</properties>
  <testcase name="test before" classname="org.ylzl.eden.spring.test.redis.EmbeddedRedisTest" time="0.481"/>
  <testcase name="test is Open" classname="org.ylzl.eden.spring.test.redis.EmbeddedRedisTest" time="0.002"/>
  <testcase name="test after" classname="org.ylzl.eden.spring.test.redis.EmbeddedRedisTest" time="0.011"/>
</testsuite>